2024/01/16 09:02:30 [notice] 1#1: using the "epoll" event method
2024/01/16 09:02:30 [notice] 1#1: nginx/1.20.2
2024/01/16 09:02:30 [notice] 1#1: built by gcc 10.2.1 20210110 (Debian 10.2.1-6) 
2024/01/16 09:02:30 [notice] 1#1: OS: Linux 5.15.49-linuxkit-pr
2024/01/16 09:02:30 [notice] 1#1: getrlimit(RLIMIT_NOFILE): 1048576:1048576
2024/01/16 09:02:30 [notice] 1#1: start worker processes
2024/01/16 09:02:30 [notice] 1#1: start worker process 30
2024/01/16 09:02:30 [notice] 1#1: start worker process 31
2024/01/16 09:02:30 [notice] 1#1: start worker process 32
2024/01/16 09:02:30 [notice] 1#1: start worker process 33
2024/01/16 09:02:30 [notice] 1#1: start worker process 34
2024/01/16 09:05:51 [notice] 1#1: signal 3 (SIGQUIT) received, shutting down
2024/01/16 09:05:51 [notice] 32#32: gracefully shutting down
2024/01/16 09:05:51 [notice] 32#32: exiting
2024/01/16 09:05:51 [notice] 30#30: gracefully shutting down
2024/01/16 09:05:51 [notice] 30#30: exiting
2024/01/16 09:05:51 [notice] 33#33: gracefully shutting down
2024/01/16 09:05:51 [notice] 33#33: exiting
2024/01/16 09:05:51 [notice] 34#34: gracefully shutting down
2024/01/16 09:05:51 [notice] 31#31: gracefully shutting down
2024/01/16 09:05:51 [notice] 32#32: exit
2024/01/16 09:05:51 [notice] 31#31: exiting
2024/01/16 09:05:51 [notice] 30#30: exit
2024/01/16 09:05:51 [notice] 33#33: exit
2024/01/16 09:05:51 [notice] 34#34: exiting
2024/01/16 09:05:51 [notice] 31#31: exit
2024/01/16 09:05:51 [notice] 34#34: exit
2024/01/16 09:05:51 [notice] 1#1: signal 17 (SIGCHLD) received from 34
2024/01/16 09:05:51 [notice] 1#1: worker process 33 exited with code 0
2024/01/16 09:05:51 [notice] 1#1: worker process 30 exited with code 0
2024/01/16 09:05:51 [notice] 1#1: worker process 31 exited with code 0
2024/01/16 09:05:51 [notice] 1#1: worker process 32 exited with code 0
2024/01/16 09:05:51 [notice] 1#1: worker process 34 exited with code 0
2024/01/16 09:05:51 [notice] 1#1: exit
2024/01/16 09:08:50 [notice] 1#1: using the "epoll" event method
2024/01/16 09:08:50 [notice] 1#1: nginx/1.20.2
2024/01/16 09:08:50 [notice] 1#1: built by gcc 10.2.1 20210110 (Debian 10.2.1-6) 
2024/01/16 09:08:50 [notice] 1#1: OS: Linux 5.15.49-linuxkit-pr
2024/01/16 09:08:50 [notice] 1#1: getrlimit(RLIMIT_NOFILE): 1048576:1048576
2024/01/16 09:08:50 [notice] 1#1: start worker processes
2024/01/16 09:08:50 [notice] 1#1: start worker process 30
2024/01/16 09:08:50 [notice] 1#1: start worker process 31
2024/01/16 09:08:50 [notice] 1#1: start worker process 32
2024/01/16 09:08:50 [notice] 1#1: start worker process 33
2024/01/16 09:08:50 [notice] 1#1: start worker process 34
2024/01/16 09:12:03 [notice] 1#1: signal 3 (SIGQUIT) received, shutting down
2024/01/16 09:12:03 [notice] 31#31: gracefully shutting down
2024/01/16 09:12:03 [notice] 30#30: gracefully shutting down
2024/01/16 09:12:03 [notice] 32#32: gracefully shutting down
2024/01/16 09:12:03 [notice] 32#32: exiting
2024/01/16 09:12:03 [notice] 33#33: gracefully shutting down
2024/01/16 09:12:03 [notice] 34#34: gracefully shutting down
2024/01/16 09:12:03 [notice] 31#31: exiting
2024/01/16 09:12:03 [notice] 34#34: exiting
2024/01/16 09:12:03 [notice] 32#32: exit
2024/01/16 09:12:03 [notice] 31#31: exit
2024/01/16 09:12:03 [notice] 33#33: exiting
2024/01/16 09:12:03 [notice] 34#34: exit
2024/01/16 09:12:03 [notice] 33#33: exit
2024/01/16 09:12:03 [notice] 30#30: exiting
2024/01/16 09:12:03 [notice] 30#30: exit
2024/01/16 09:12:03 [notice] 1#1: signal 17 (SIGCHLD) received from 32
2024/01/16 09:12:03 [notice] 1#1: worker process 32 exited with code 0
2024/01/16 09:12:03 [notice] 1#1: worker process 34 exited with code 0
2024/01/16 09:12:03 [notice] 1#1: signal 29 (SIGIO) received
2024/01/16 09:12:03 [notice] 1#1: signal 17 (SIGCHLD) received from 34
2024/01/16 09:12:03 [notice] 1#1: signal 17 (SIGCHLD) received from 33
2024/01/16 09:12:03 [notice] 1#1: worker process 30 exited with code 0
2024/01/16 09:12:03 [notice] 1#1: worker process 31 exited with code 0
2024/01/16 09:12:03 [notice] 1#1: worker process 33 exited with code 0
2024/01/16 09:12:03 [notice] 1#1: exit
2024/01/16 09:12:16 [notice] 1#1: using the "epoll" event method
2024/01/16 09:12:16 [notice] 1#1: nginx/1.20.2
2024/01/16 09:12:16 [notice] 1#1: built by gcc 10.2.1 20210110 (Debian 10.2.1-6) 
2024/01/16 09:12:16 [notice] 1#1: OS: Linux 5.15.49-linuxkit-pr
2024/01/16 09:12:16 [notice] 1#1: getrlimit(RLIMIT_NOFILE): 1048576:1048576
2024/01/16 09:12:16 [notice] 1#1: start worker processes
2024/01/16 09:12:16 [notice] 1#1: start worker process 30
2024/01/16 09:12:16 [notice] 1#1: start worker process 31
2024/01/16 09:12:16 [notice] 1#1: start worker process 32
2024/01/16 09:12:16 [notice] 1#1: start worker process 33
2024/01/16 09:12:16 [notice] 1#1: start worker process 34
2024/01/16 09:14:01 [notice] 1#1: signal 3 (SIGQUIT) received, shutting down
2024/01/16 09:14:01 [notice] 30#30: gracefully shutting down
2024/01/16 09:14:01 [notice] 32#32: gracefully shutting down
2024/01/16 09:14:01 [notice] 31#31: gracefully shutting down
2024/01/16 09:14:01 [notice] 34#34: gracefully shutting down
2024/01/16 09:14:01 [notice] 30#30: exiting
2024/01/16 09:14:01 [notice] 32#32: exiting
2024/01/16 09:14:01 [notice] 34#34: exiting
2024/01/16 09:14:01 [notice] 33#33: gracefully shutting down
2024/01/16 09:14:01 [notice] 34#34: exit
2024/01/16 09:14:01 [notice] 31#31: exiting
2024/01/16 09:14:01 [notice] 31#31: exit
2024/01/16 09:14:01 [notice] 32#32: exit
2024/01/16 09:14:01 [notice] 30#30: exit
2024/01/16 09:14:01 [notice] 33#33: exiting
2024/01/16 09:14:01 [notice] 33#33: exit
2024/01/16 09:14:01 [notice] 1#1: signal 17 (SIGCHLD) received from 33
2024/01/16 09:14:01 [notice] 1#1: worker process 31 exited with code 0
2024/01/16 09:14:01 [notice] 1#1: worker process 33 exited with code 0
2024/01/16 09:14:01 [notice] 1#1: worker process 34 exited with code 0
2024/01/16 09:14:01 [notice] 1#1: signal 29 (SIGIO) received
2024/01/16 09:14:01 [notice] 1#1: signal 17 (SIGCHLD) received from 31
2024/01/16 09:14:01 [notice] 1#1: signal 17 (SIGCHLD) received from 32
2024/01/16 09:14:01 [notice] 1#1: worker process 30 exited with code 0
2024/01/16 09:14:01 [notice] 1#1: worker process 32 exited with code 0
2024/01/16 09:14:01 [notice] 1#1: exit
2024/01/16 09:14:02 [notice] 1#1: using the "epoll" event method
2024/01/16 09:14:02 [notice] 1#1: nginx/1.20.2
2024/01/16 09:14:02 [notice] 1#1: built by gcc 10.2.1 20210110 (Debian 10.2.1-6) 
2024/01/16 09:14:02 [notice] 1#1: OS: Linux 5.15.49-linuxkit-pr
2024/01/16 09:14:02 [notice] 1#1: getrlimit(RLIMIT_NOFILE): 1048576:1048576
2024/01/16 09:14:02 [notice] 1#1: start worker processes
2024/01/16 09:14:02 [notice] 1#1: start worker process 31
2024/01/16 09:14:02 [notice] 1#1: start worker process 32
2024/01/16 09:14:02 [notice] 1#1: start worker process 33
2024/01/16 09:14:02 [notice] 1#1: start worker process 34
2024/01/16 09:14:02 [notice] 1#1: start worker process 35
2024/01/16 09:41:24 [notice] 1#1: signal 3 (SIGQUIT) received, shutting down
2024/01/16 09:41:24 [notice] 31#31: gracefully shutting down
2024/01/16 09:41:24 [notice] 35#35: gracefully shutting down
2024/01/16 09:41:24 [notice] 33#33: gracefully shutting down
2024/01/16 09:41:24 [notice] 32#32: gracefully shutting down
2024/01/16 09:41:24 [notice] 35#35: exiting
2024/01/16 09:41:24 [notice] 34#34: gracefully shutting down
2024/01/16 09:41:24 [notice] 31#31: exiting
2024/01/16 09:41:24 [notice] 35#35: exit
2024/01/16 09:41:24 [notice] 33#33: exiting
2024/01/16 09:41:24 [notice] 34#34: exiting
2024/01/16 09:41:24 [notice] 32#32: exiting
2024/01/16 09:41:24 [notice] 32#32: exit
2024/01/16 09:41:24 [notice] 31#31: exit
2024/01/16 09:41:24 [notice] 33#33: exit
2024/01/16 09:41:24 [notice] 34#34: exit
2024/01/16 09:41:24 [notice] 1#1: signal 17 (SIGCHLD) received from 35
2024/01/16 09:41:24 [notice] 1#1: worker process 34 exited with code 0
2024/01/16 09:41:24 [notice] 1#1: worker process 35 exited with code 0
2024/01/16 09:41:24 [notice] 1#1: signal 29 (SIGIO) received
2024/01/16 09:41:24 [notice] 1#1: signal 17 (SIGCHLD) received from 33
2024/01/16 09:41:24 [notice] 1#1: worker process 33 exited with code 0
2024/01/16 09:41:24 [notice] 1#1: signal 29 (SIGIO) received
2024/01/16 09:41:24 [notice] 1#1: signal 17 (SIGCHLD) received from 31
2024/01/16 09:41:24 [notice] 1#1: worker process 31 exited with code 0
2024/01/16 09:41:24 [notice] 1#1: signal 29 (SIGIO) received
2024/01/16 09:41:24 [notice] 1#1: signal 17 (SIGCHLD) received from 32
2024/01/16 09:41:24 [notice] 1#1: worker process 32 exited with code 0
2024/01/16 09:41:24 [notice] 1#1: exit
2024/01/16 09:41:46 [notice] 1#1: using the "epoll" event method
2024/01/16 09:41:46 [notice] 1#1: nginx/1.20.2
2024/01/16 09:41:46 [notice] 1#1: built by gcc 10.2.1 20210110 (Debian 10.2.1-6) 
2024/01/16 09:41:46 [notice] 1#1: OS: Linux 5.15.49-linuxkit-pr
2024/01/16 09:41:46 [notice] 1#1: getrlimit(RLIMIT_NOFILE): 1048576:1048576
2024/01/16 09:41:46 [notice] 1#1: start worker processes
2024/01/16 09:41:46 [notice] 1#1: start worker process 30
2024/01/16 09:41:46 [notice] 1#1: start worker process 31
2024/01/16 09:41:46 [notice] 1#1: start worker process 32
2024/01/16 09:41:46 [notice] 1#1: start worker process 33
2024/01/16 09:41:46 [notice] 1#1: start worker process 34
2024/01/16 09:48:07 [notice] 1#1: signal 3 (SIGQUIT) received, shutting down
2024/01/16 09:48:07 [notice] 33#33: gracefully shutting down
2024/01/16 09:48:07 [notice] 34#34: gracefully shutting down
2024/01/16 09:48:07 [notice] 33#33: exiting
2024/01/16 09:48:07 [notice] 30#30: gracefully shutting down
2024/01/16 09:48:07 [notice] 32#32: gracefully shutting down
2024/01/16 09:48:07 [notice] 30#30: exiting
2024/01/16 09:48:07 [notice] 31#31: gracefully shutting down
2024/01/16 09:48:07 [notice] 30#30: exit
2024/01/16 09:48:07 [notice] 34#34: exiting
2024/01/16 09:48:07 [notice] 33#33: exit
2024/01/16 09:48:07 [notice] 34#34: exit
2024/01/16 09:48:07 [notice] 32#32: exiting
2024/01/16 09:48:07 [notice] 31#31: exiting
2024/01/16 09:48:07 [notice] 31#31: exit
2024/01/16 09:48:07 [notice] 32#32: exit
2024/01/16 09:48:07 [notice] 1#1: signal 17 (SIGCHLD) received from 33
2024/01/16 09:48:07 [notice] 1#1: worker process 33 exited with code 0
2024/01/16 09:48:07 [notice] 1#1: signal 29 (SIGIO) received
2024/01/16 09:48:07 [notice] 1#1: signal 17 (SIGCHLD) received from 31
2024/01/16 09:48:07 [notice] 1#1: worker process 31 exited with code 0
2024/01/16 09:48:07 [notice] 1#1: signal 29 (SIGIO) received
2024/01/16 09:48:07 [notice] 1#1: signal 17 (SIGCHLD) received from 32
2024/01/16 09:48:07 [notice] 1#1: worker process 32 exited with code 0
2024/01/16 09:48:07 [notice] 1#1: signal 29 (SIGIO) received
2024/01/16 09:48:07 [notice] 1#1: signal 17 (SIGCHLD) received from 34
2024/01/16 09:48:07 [notice] 1#1: worker process 30 exited with code 0
2024/01/16 09:48:07 [notice] 1#1: worker process 34 exited with code 0
2024/01/16 09:48:07 [notice] 1#1: exit
2024/01/16 09:48:28 [notice] 1#1: using the "epoll" event method
2024/01/16 09:48:28 [notice] 1#1: nginx/1.20.2
2024/01/16 09:48:28 [notice] 1#1: built by gcc 10.2.1 20210110 (Debian 10.2.1-6) 
2024/01/16 09:48:28 [notice] 1#1: OS: Linux 5.15.49-linuxkit-pr
2024/01/16 09:48:28 [notice] 1#1: getrlimit(RLIMIT_NOFILE): 1048576:1048576
2024/01/16 09:48:28 [notice] 1#1: start worker processes
2024/01/16 09:48:28 [notice] 1#1: start worker process 30
2024/01/16 09:48:28 [notice] 1#1: start worker process 31
2024/01/16 09:48:28 [notice] 1#1: start worker process 32
2024/01/16 09:48:28 [notice] 1#1: start worker process 33
2024/01/16 09:48:28 [notice] 1#1: start worker process 34
2024/01/16 10:43:33 [notice] 1#1: signal 3 (SIGQUIT) received, shutting down
2024/01/16 10:43:33 [notice] 30#30: gracefully shutting down
2024/01/16 10:43:33 [notice] 31#31: gracefully shutting down
2024/01/16 10:43:33 [notice] 33#33: gracefully shutting down
2024/01/16 10:43:33 [notice] 34#34: gracefully shutting down
2024/01/16 10:43:33 [notice] 32#32: gracefully shutting down
2024/01/16 10:43:33 [notice] 30#30: exiting
2024/01/16 10:43:33 [notice] 31#31: exiting
2024/01/16 10:43:33 [notice] 33#33: exiting
2024/01/16 10:43:33 [notice] 34#34: exiting
2024/01/16 10:43:33 [notice] 30#30: exit
2024/01/16 10:43:33 [notice] 31#31: exit
2024/01/16 10:43:33 [notice] 33#33: exit
2024/01/16 10:43:33 [notice] 34#34: exit
2024/01/16 10:43:33 [notice] 32#32: exiting
2024/01/16 10:43:33 [notice] 32#32: exit
2024/01/16 10:43:33 [notice] 1#1: signal 17 (SIGCHLD) received from 32
2024/01/16 10:43:33 [notice] 1#1: worker process 32 exited with code 0
2024/01/16 10:43:33 [notice] 1#1: signal 29 (SIGIO) received
2024/01/16 10:43:33 [notice] 1#1: signal 17 (SIGCHLD) received from 31
2024/01/16 10:43:33 [notice] 1#1: worker process 30 exited with code 0
2024/01/16 10:43:33 [notice] 1#1: worker process 31 exited with code 0
2024/01/16 10:43:33 [notice] 1#1: worker process 33 exited with code 0
2024/01/16 10:43:33 [notice] 1#1: signal 17 (SIGCHLD) received from 33
2024/01/16 10:43:33 [notice] 1#1: worker process 34 exited with code 0
2024/01/16 10:43:33 [notice] 1#1: exit
2024/01/16 10:43:53 [notice] 1#1: using the "epoll" event method
2024/01/16 10:43:53 [notice] 1#1: nginx/1.20.2
2024/01/16 10:43:53 [notice] 1#1: built by gcc 10.2.1 20210110 (Debian 10.2.1-6) 
2024/01/16 10:43:53 [notice] 1#1: OS: Linux 5.15.49-linuxkit-pr
2024/01/16 10:43:53 [notice] 1#1: getrlimit(RLIMIT_NOFILE): 1048576:1048576
2024/01/16 10:43:53 [notice] 1#1: start worker processes
2024/01/16 10:43:53 [notice] 1#1: start worker process 30
2024/01/16 10:43:53 [notice] 1#1: start worker process 31
2024/01/16 10:43:53 [notice] 1#1: start worker process 32
2024/01/16 10:43:53 [notice] 1#1: start worker process 33
2024/01/16 10:43:53 [notice] 1#1: start worker process 34
2024/01/16 10:48:11 [notice] 1#1: signal 3 (SIGQUIT) received, shutting down
2024/01/16 10:48:11 [notice] 31#31: gracefully shutting down
2024/01/16 10:48:11 [notice] 34#34: gracefully shutting down
2024/01/16 10:48:11 [notice] 32#32: gracefully shutting down
2024/01/16 10:48:11 [notice] 33#33: gracefully shutting down
2024/01/16 10:48:11 [notice] 31#31: exiting
2024/01/16 10:48:11 [notice] 34#34: exiting
2024/01/16 10:48:11 [notice] 30#30: gracefully shutting down
2024/01/16 10:48:11 [notice] 31#31: exit
2024/01/16 10:48:11 [notice] 33#33: exiting
2024/01/16 10:48:11 [notice] 33#33: exit
2024/01/16 10:48:11 [notice] 32#32: exiting
2024/01/16 10:48:11 [notice] 32#32: exit
2024/01/16 10:48:11 [notice] 34#34: exit
2024/01/16 10:48:11 [notice] 30#30: exiting
2024/01/16 10:48:11 [notice] 30#30: exit
2024/01/16 10:48:11 [notice] 1#1: signal 17 (SIGCHLD) received from 31
2024/01/16 10:48:11 [notice] 1#1: worker process 31 exited with code 0
2024/01/16 10:48:11 [notice] 1#1: worker process 34 exited with code 0
2024/01/16 10:48:11 [notice] 1#1: signal 29 (SIGIO) received
2024/01/16 10:48:11 [notice] 1#1: signal 17 (SIGCHLD) received from 32
2024/01/16 10:48:11 [notice] 1#1: worker process 32 exited with code 0
2024/01/16 10:48:11 [notice] 1#1: signal 29 (SIGIO) received
2024/01/16 10:48:11 [notice] 1#1: signal 17 (SIGCHLD) received from 33
2024/01/16 10:48:11 [notice] 1#1: worker process 30 exited with code 0
2024/01/16 10:48:11 [notice] 1#1: worker process 33 exited with code 0
2024/01/16 10:48:11 [notice] 1#1: exit
2024/01/16 10:48:15 [notice] 1#1: using the "epoll" event method
2024/01/16 10:48:15 [notice] 1#1: nginx/1.20.2
2024/01/16 10:48:15 [notice] 1#1: built by gcc 10.2.1 20210110 (Debian 10.2.1-6) 
2024/01/16 10:48:15 [notice] 1#1: OS: Linux 5.15.49-linuxkit-pr
2024/01/16 10:48:15 [notice] 1#1: getrlimit(RLIMIT_NOFILE): 1048576:1048576
2024/01/16 10:48:15 [notice] 1#1: start worker processes
2024/01/16 10:48:15 [notice] 1#1: start worker process 30
2024/01/16 10:48:15 [notice] 1#1: start worker process 31
2024/01/16 10:48:15 [notice] 1#1: start worker process 32
2024/01/16 10:48:15 [notice] 1#1: start worker process 33
2024/01/16 10:48:15 [notice] 1#1: start worker process 34
2024/01/16 11:34:14 [notice] 1#1: signal 3 (SIGQUIT) received, shutting down
2024/01/16 11:34:14 [notice] 31#31: gracefully shutting down
2024/01/16 11:34:14 [notice] 33#33: gracefully shutting down
2024/01/16 11:34:14 [notice] 33#33: exiting
2024/01/16 11:34:14 [notice] 30#30: gracefully shutting down
2024/01/16 11:34:14 [notice] 34#34: gracefully shutting down
2024/01/16 11:34:14 [notice] 32#32: gracefully shutting down
2024/01/16 11:34:14 [notice] 31#31: exiting
2024/01/16 11:34:14 [notice] 32#32: exiting
2024/01/16 11:34:14 [notice] 33#33: exit
2024/01/16 11:34:14 [notice] 30#30: exiting
2024/01/16 11:34:14 [notice] 34#34: exiting
2024/01/16 11:34:14 [notice] 34#34: exit
2024/01/16 11:34:14 [notice] 31#31: exit
2024/01/16 11:34:14 [notice] 32#32: exit
2024/01/16 11:34:14 [notice] 30#30: exit
2024/01/16 11:34:14 [notice] 1#1: signal 17 (SIGCHLD) received from 32
2024/01/16 11:34:14 [notice] 1#1: worker process 32 exited with code 0
2024/01/16 11:34:14 [notice] 1#1: worker process 34 exited with code 0
2024/01/16 11:34:14 [notice] 1#1: signal 29 (SIGIO) received
2024/01/16 11:34:14 [notice] 1#1: signal 17 (SIGCHLD) received from 34
2024/01/16 11:34:14 [notice] 1#1: signal 17 (SIGCHLD) received from 31
2024/01/16 11:34:14 [notice] 1#1: worker process 31 exited with code 0
2024/01/16 11:34:14 [notice] 1#1: worker process 33 exited with code 0
2024/01/16 11:34:14 [notice] 1#1: signal 29 (SIGIO) received
2024/01/16 11:34:14 [notice] 1#1: signal 17 (SIGCHLD) received from 33
2024/01/16 11:34:14 [notice] 1#1: signal 17 (SIGCHLD) received from 30
2024/01/16 11:34:14 [notice] 1#1: worker process 30 exited with code 0
2024/01/16 11:34:14 [notice] 1#1: exit
2024/01/16 11:34:50 [notice] 1#1: using the "epoll" event method
2024/01/16 11:34:50 [notice] 1#1: nginx/1.20.2
2024/01/16 11:34:50 [notice] 1#1: built by gcc 10.2.1 20210110 (Debian 10.2.1-6) 
2024/01/16 11:34:50 [notice] 1#1: OS: Linux 5.15.49-linuxkit-pr
2024/01/16 11:34:50 [notice] 1#1: getrlimit(RLIMIT_NOFILE): 1048576:1048576
2024/01/16 11:34:50 [notice] 1#1: start worker processes
2024/01/16 11:34:50 [notice] 1#1: start worker process 30
2024/01/16 11:34:50 [notice] 1#1: start worker process 31
2024/01/16 11:34:50 [notice] 1#1: start worker process 32
2024/01/16 11:34:50 [notice] 1#1: start worker process 33
2024/01/16 11:34:50 [notice] 1#1: start worker process 34
2024/01/16 11:44:41 [notice] 1#1: signal 3 (SIGQUIT) received, shutting down
2024/01/16 11:44:41 [notice] 30#30: gracefully shutting down
2024/01/16 11:44:41 [notice] 31#31: gracefully shutting down
2024/01/16 11:44:41 [notice] 33#33: gracefully shutting down
2024/01/16 11:44:41 [notice] 32#32: gracefully shutting down
2024/01/16 11:44:41 [notice] 33#33: exiting
2024/01/16 11:44:41 [notice] 34#34: gracefully shutting down
2024/01/16 11:44:41 [notice] 30#30: exiting
2024/01/16 11:44:41 [notice] 31#31: exiting
2024/01/16 11:44:41 [notice] 32#32: exiting
2024/01/16 11:44:41 [notice] 33#33: exit
2024/01/16 11:44:41 [notice] 30#30: exit
2024/01/16 11:44:41 [notice] 34#34: exiting
2024/01/16 11:44:41 [notice] 31#31: exit
2024/01/16 11:44:41 [notice] 34#34: exit
2024/01/16 11:44:41 [notice] 32#32: exit
2024/01/16 11:44:41 [notice] 1#1: signal 17 (SIGCHLD) received from 34
2024/01/16 11:44:41 [notice] 1#1: worker process 30 exited with code 0
2024/01/16 11:44:41 [notice] 1#1: worker process 31 exited with code 0
2024/01/16 11:44:41 [notice] 1#1: worker process 32 exited with code 0
2024/01/16 11:44:41 [notice] 1#1: worker process 33 exited with code 0
2024/01/16 11:44:41 [notice] 1#1: worker process 34 exited with code 0
2024/01/16 11:44:41 [notice] 1#1: exit
2024/01/16 11:44:42 [notice] 1#1: using the "epoll" event method
2024/01/16 11:44:42 [notice] 1#1: nginx/1.20.2
2024/01/16 11:44:42 [notice] 1#1: built by gcc 10.2.1 20210110 (Debian 10.2.1-6) 
2024/01/16 11:44:42 [notice] 1#1: OS: Linux 5.15.49-linuxkit-pr
2024/01/16 11:44:42 [notice] 1#1: getrlimit(RLIMIT_NOFILE): 1048576:1048576
2024/01/16 11:44:42 [notice] 1#1: start worker processes
2024/01/16 11:44:42 [notice] 1#1: start worker process 30
2024/01/16 11:44:42 [notice] 1#1: start worker process 31
2024/01/16 11:44:42 [notice] 1#1: start worker process 32
2024/01/16 11:44:42 [notice] 1#1: start worker process 33
2024/01/16 11:44:42 [notice] 1#1: start worker process 34
2024/01/16 11:54:19 [notice] 1#1: signal 3 (SIGQUIT) received, shutting down
2024/01/16 11:54:19 [notice] 31#31: gracefully shutting down
2024/01/16 11:54:19 [notice] 34#34: gracefully shutting down
2024/01/16 11:54:19 [notice] 33#33: gracefully shutting down
2024/01/16 11:54:19 [notice] 32#32: gracefully shutting down
2024/01/16 11:54:19 [notice] 33#33: exiting
2024/01/16 11:54:19 [notice] 30#30: gracefully shutting down
2024/01/16 11:54:19 [notice] 34#34: exiting
2024/01/16 11:54:19 [notice] 31#31: exiting
2024/01/16 11:54:19 [notice] 34#34: exit
2024/01/16 11:54:19 [notice] 32#32: exiting
2024/01/16 11:54:19 [notice] 33#33: exit
2024/01/16 11:54:19 [notice] 30#30: exiting
2024/01/16 11:54:19 [notice] 30#30: exit
2024/01/16 11:54:19 [notice] 31#31: exit
2024/01/16 11:54:19 [notice] 32#32: exit
2024/01/16 11:54:19 [notice] 1#1: signal 17 (SIGCHLD) received from 32
2024/01/16 11:54:19 [notice] 1#1: worker process 32 exited with code 0
2024/01/16 11:54:19 [notice] 1#1: signal 29 (SIGIO) received
2024/01/16 11:54:19 [notice] 1#1: signal 17 (SIGCHLD) received from 34
2024/01/16 11:54:19 [notice] 1#1: worker process 33 exited with code 0
2024/01/16 11:54:19 [notice] 1#1: worker process 34 exited with code 0
2024/01/16 11:54:19 [notice] 1#1: signal 29 (SIGIO) received
2024/01/16 11:54:19 [notice] 1#1: signal 17 (SIGCHLD) received from 31
2024/01/16 11:54:19 [notice] 1#1: worker process 31 exited with code 0
2024/01/16 11:54:19 [notice] 1#1: signal 29 (SIGIO) received
2024/01/16 11:54:19 [notice] 1#1: signal 17 (SIGCHLD) received from 30
2024/01/16 11:54:19 [notice] 1#1: worker process 30 exited with code 0
2024/01/16 11:54:19 [notice] 1#1: exit
2024/01/16 11:56:11 [notice] 1#1: using the "epoll" event method
2024/01/16 11:56:11 [notice] 1#1: nginx/1.20.2
2024/01/16 11:56:11 [notice] 1#1: built by gcc 10.2.1 20210110 (Debian 10.2.1-6) 
2024/01/16 11:56:11 [notice] 1#1: OS: Linux 5.15.49-linuxkit-pr
2024/01/16 11:56:11 [notice] 1#1: getrlimit(RLIMIT_NOFILE): 1048576:1048576
2024/01/16 11:56:11 [notice] 1#1: start worker processes
2024/01/16 11:56:11 [notice] 1#1: start worker process 30
2024/01/16 11:56:11 [notice] 1#1: start worker process 31
2024/01/16 11:56:11 [notice] 1#1: start worker process 32
2024/01/16 11:56:11 [notice] 1#1: start worker process 33
2024/01/16 11:56:11 [notice] 1#1: start worker process 34
